<?xml version="1.0" encoding="UTF-8"?>
<!-- Generated by org.testng.reporters.JUnitReportReporter -->
<testsuite hostname="LAPTOP-6LC5AIN3" failures="0" tests="2" name="com.amazon.testcases.HomePageTest" time="7.078" errors="0" timestamp="2024-02-26T22:57:43 IST" skipped="0">
  <testcase classname="com.amazon.testcases.HomePageTest" name="verifyTitle" time="2.237"/>
  <system-out/>
  <testcase classname="com.amazon.testcases.HomePageTest" name="searchItem" time="4.841"/>
  <system-out/>
</testsuite> <!-- com.amazon.testcases.HomePageTest -->
