<?xml version="1.0" encoding="UTF-8"?>
<!-- Generated by org.testng.reporters.JUnitReportReporter -->
<testsuite hostname="LAPTOP-6LC5AIN3" failures="0" tests="1" name="com.amazon.pageobjects.RegistrationTest" time="30.985" errors="0" timestamp="2024-02-27T10:35:21 IST" skipped="0">
  <testcase classname="com.amazon.pageobjects.RegistrationTest" name="registerUser" time="30.985"/>
  <system-out/>
</testsuite> <!-- com.amazon.pageobjects.RegistrationTest -->
