<?xml version="1.0" encoding="UTF-8"?>
<!-- Generated by org.testng.reporters.JUnitReportReporter -->
<testsuite hostname="LAPTOP-6LC5AIN3" failures="0" tests="1" name="com.amazon.testcases.RegistrationPageTest" time="23.989" errors="0" timestamp="2024-03-09T22:11:34 IST" skipped="0">
  <testcase classname="com.amazon.testcases.RegistrationPageTest" name="goToRegister" time="23.989"/>
  <system-out/>
</testsuite> <!-- com.amazon.testcases.RegistrationPageTest -->
