<?xml version="1.0" encoding="UTF-8"?>
<!-- Generated by org.testng.reporters.JUnitReportReporter -->
<testsuite hostname="LAPTOP-6LC5AIN3" failures="0" tests="1" name="com.amazon.testcases.CartTotalTest" time="16.320" errors="0" timestamp="2024-03-04T11:07:46 IST" skipped="0">
  <testcase classname="com.amazon.testcases.CartTotalTest" name="orderItems" time="16.320"/>
  <system-out/>
</testsuite> <!-- com.amazon.testcases.CartTotalTest -->
