<?xml version="1.0" encoding="UTF-8"?>
<!-- Generated by org.testng.reporters.JUnitReportReporter -->
<testsuite hostname="LAPTOP-6LC5AIN3" failures="0" tests="1" name="com.amazon.testcases.RegistrationPageTest" time="24.434" errors="0" timestamp="2024-02-27T00:09:07 IST" skipped="0">
  <testcase classname="com.amazon.testcases.RegistrationPageTest" name="goToRegister" time="24.434"/>
  <system-out/>
</testsuite> <!-- com.amazon.testcases.RegistrationPageTest -->
