<?xml version="1.0" encoding="UTF-8"?>
<!-- Generated by org.testng.reporters.JUnitReportReporter -->
<testsuite hostname="LAPTOP-6LC5AIN3" failures="0" tests="2" name="com.amazon.testcases.HomePageTest" time="6.714" errors="0" timestamp="2024-03-07T16:45:35 IST" skipped="0">
  <testcase classname="com.amazon.testcases.HomePageTest" name="verifyTitle" time="1.751"/>
  <system-out/>
  <testcase classname="com.amazon.testcases.HomePageTest" name="searchItem" time="4.963"/>
  <system-out/>
</testsuite> <!-- com.amazon.testcases.HomePageTest -->
