<?xml version="1.0" encoding="UTF-8"?>
<!-- Generated by org.testng.reporters.JUnitReportReporter -->
<testsuite hostname="LAPTOP-6LC5AIN3" failures="0" tests="2" name="com.amazon.testcases.LoginPageTest" time="29.130" errors="0" timestamp="2024-03-09T22:11:34 IST" skipped="0">
  <testcase classname="com.amazon.testcases.LoginPageTest" name="goToLogin" time="14.637"/>
  <system-out/>
  <testcase classname="com.amazon.testcases.LoginPageTest" name="goToLogin" time="14.493"/>
  <system-out/>
</testsuite> <!-- com.amazon.testcases.LoginPageTest -->
