<?xml version="1.0" encoding="UTF-8"?>
<!-- Generated by org.testng.reporters.JUnitReportReporter -->
<testsuite hostname="LAPTOP-6LC5AIN3" failures="0" tests="2" name="com.amazon.testcases.LoginPageTest" time="34.966" errors="0" timestamp="2024-02-27T08:32:42 IST" skipped="0">
  <testcase classname="com.amazon.testcases.LoginPageTest" name="goToLogin" time="16.457"/>
  <system-out/>
  <testcase classname="com.amazon.testcases.LoginPageTest" name="goToLogin" time="18.509"/>
  <system-out/>
</testsuite> <!-- com.amazon.testcases.LoginPageTest -->
