<?xml version="1.0" encoding="UTF-8"?>
<!-- Generated by org.testng.reporters.JUnitReportReporter -->
<testsuite hostname="LAPTOP-6LC5AIN3" failures="0" tests="1" name="com.amazon.testcases.RegistrationPageTest" time="24.077" errors="0" timestamp="2024-03-07T16:45:35 IST" skipped="0">
  <testcase classname="com.amazon.testcases.RegistrationPageTest" name="goToRegister" time="24.077"/>
  <system-out/>
</testsuite> <!-- com.amazon.testcases.RegistrationPageTest -->
