<?xml version="1.0" encoding="UTF-8"?>
<!-- Generated by org.testng.reporters.JUnitReportReporter -->
<testsuite hostname="LAPTOP-6LC5AIN3" failures="0" tests="2" name="com.amazon.testcases.LoginPageTest" time="29.364" errors="0" timestamp="2024-03-07T16:45:35 IST" skipped="0">
  <testcase classname="com.amazon.testcases.LoginPageTest" name="goToLogin" time="14.487"/>
  <system-out/>
  <testcase classname="com.amazon.testcases.LoginPageTest" name="goToLogin" time="14.877"/>
  <system-out/>
</testsuite> <!-- com.amazon.testcases.LoginPageTest -->
