<?xml version="1.0" encoding="UTF-8"?>
<!-- Generated by org.testng.reporters.JUnitReportReporter -->
<testsuite hostname="LAPTOP-6LC5AIN3" failures="0" tests="1" name="com.amazon.testcases.LoginPageValidTest" time="20.631" errors="0" timestamp="2024-02-27T16:35:11 IST" skipped="0">
  <testcase classname="com.amazon.testcases.LoginPageValidTest" name="validCredentials" time="20.631"/>
  <system-out/>
</testsuite> <!-- com.amazon.testcases.LoginPageValidTest -->
